<?xml version="1.0" encoding="UTF-8"?>
<!-- Generated by org.testng.reporters.JUnitReportReporter -->
<testsuite hostname="LTIN237839" name="Azure.Devops.AzureTest" tests="1" failures="0" timestamp="29 Dec 2020 13:06:44 GMT" time="11.643" errors="0">
  <testcase name="azuretest" time="11.643" classname="Azure.Devops.AzureTest"/>
</testsuite> <!-- Azure.Devops.AzureTest -->
